current directory: /Users/mdmiah/Desktop/AAClasswork/W5D5/rails1p-starter/active_record_queries/gems/puma-5.6.6/ext/puma_http11
/usr/local/opt/ruby/bin/ruby extconf.rb
using OpenSSL pkgconfig (openssl.pc)
checking for openssl/bio.h... yes
checking for DTLS_method() in openssl/ssl.h... yes
checking for TLS_server_method() in openssl/ssl.h... yes
checking for SSL_CTX_set_min_proto_version(NULL, 0) in openssl/ssl.h... yes
checking for X509_STORE_up_ref()... yes
checking for SSL_CTX_set_ecdh_auto(NULL, 0) in openssl/ssl.h... yes
checking for SSL_CTX_set_dh_auto(NULL, 0) in openssl/ssl.h... yes
checking for SSL_get1_peer_certificate() in openssl/ssl.h... yes
checking for Random.bytes... yes
creating Makefile

current directory: /Users/mdmiah/Desktop/AAClasswork/W5D5/rails1p-starter/active_record_queries/gems/puma-5.6.6/ext/puma_http11
make DESTDIR\= sitearchdir\=./.gem.20230731-73878-c49qbs sitelibdir\=./.gem.20230731-73878-c49qbs clean

current directory: /Users/mdmiah/Desktop/AAClasswork/W5D5/rails1p-starter/active_record_queries/gems/puma-5.6.6/ext/puma_http11
make DESTDIR\= sitearchdir\=./.gem.20230731-73878-c49qbs sitelibdir\=./.gem.20230731-73878-c49qbs
compiling http11_parser.c
compiling mini_ssl.c
compiling puma_http11.c
linking shared-object puma/puma_http11.bundle
ld: warning: -undefined dynamic_lookup may not work with chained fixups

current directory: /Users/mdmiah/Desktop/AAClasswork/W5D5/rails1p-starter/active_record_queries/gems/puma-5.6.6/ext/puma_http11
make DESTDIR\= sitearchdir\=./.gem.20230731-73878-c49qbs sitelibdir\=./.gem.20230731-73878-c49qbs install
/usr/bin/install -c -m 0755 puma_http11.bundle ./.gem.20230731-73878-c49qbs/puma

current directory: /Users/mdmiah/Desktop/AAClasswork/W5D5/rails1p-starter/active_record_queries/gems/puma-5.6.6/ext/puma_http11
make DESTDIR\= sitearchdir\=./.gem.20230731-73878-c49qbs sitelibdir\=./.gem.20230731-73878-c49qbs clean
