current directory: /Users/mdmiah/Desktop/AAClasswork/W6D1/rails1p-starter 2/migrations/gems/puma-5.6.6/ext/puma_http11
/usr/local/opt/ruby/bin/ruby extconf.rb
using OpenSSL pkgconfig (openssl.pc)
checking for openssl/bio.h... yes
checking for DTLS_method() in openssl/ssl.h... yes
checking for TLS_server_method() in openssl/ssl.h... yes
checking for SSL_CTX_set_min_proto_version(NULL, 0) in openssl/ssl.h... yes
checking for X509_STORE_up_ref()... yes
checking for SSL_CTX_set_ecdh_auto(NULL, 0) in openssl/ssl.h... yes
checking for SSL_CTX_set_dh_auto(NULL, 0) in openssl/ssl.h... yes
checking for SSL_get1_peer_certificate() in openssl/ssl.h... yes
checking for Random.bytes... yes
creating Makefile

current directory: /Users/mdmiah/Desktop/AAClasswork/W6D1/rails1p-starter 2/migrations/gems/puma-5.6.6/ext/puma_http11
make DESTDIR\= sitearchdir\=./.gem.20230731-60851-bxicl9 sitelibdir\=./.gem.20230731-60851-bxicl9 clean

current directory: /Users/mdmiah/Desktop/AAClasswork/W6D1/rails1p-starter 2/migrations/gems/puma-5.6.6/ext/puma_http11
make DESTDIR\= sitearchdir\=./.gem.20230731-60851-bxicl9 sitelibdir\=./.gem.20230731-60851-bxicl9
compiling http11_parser.c
compiling mini_ssl.c
compiling puma_http11.c
linking shared-object puma/puma_http11.bundle
ld: warning: -undefined dynamic_lookup may not work with chained fixups

current directory: /Users/mdmiah/Desktop/AAClasswork/W6D1/rails1p-starter 2/migrations/gems/puma-5.6.6/ext/puma_http11
make DESTDIR\= sitearchdir\=./.gem.20230731-60851-bxicl9 sitelibdir\=./.gem.20230731-60851-bxicl9 install
/usr/bin/install -c -m 0755 puma_http11.bundle ./.gem.20230731-60851-bxicl9/puma

current directory: /Users/mdmiah/Desktop/AAClasswork/W6D1/rails1p-starter 2/migrations/gems/puma-5.6.6/ext/puma_http11
make DESTDIR\= sitearchdir\=./.gem.20230731-60851-bxicl9 sitelibdir\=./.gem.20230731-60851-bxicl9 clean
